# JRE version: OpenJDK Runtime Environment (8.0_242-b01) (build 1.8.0_242-release-1644-b01)
# Java VM: OpenJDK 64-Bit Server VM (25.242-b01 mixed mode windows-amd64 compressed oops)
Heap:
 PSYoungGen      total 472064K, used 281241K [0x00000000d5580000, 0x00000000fe700000, 0x0000000100000000)
  eden space 423424K, 54% used [0x00000000d5580000,0x00000000e38aafd0,0x00000000ef300000)
  from space 48640K, 99% used [0x00000000ef300000,0x00000000f227b578,0x00000000f2280000)
  to   space 80384K, 0% used [0x00000000f9880000,0x00000000f9880000,0x00000000fe700000)
 ParOldGen       total 348672K, used 151488K [0x0000000080000000, 0x0000000095480000, 0x00000000d5580000)
  object space 348672K, 43% used [0x0000000080000000,0x00000000893f00d8,0x0000000095480000)
 Metaspace       used 116982K, capacity 121948K, committed 122264K, reserved 1155072K
  class space    used 14998K, capacity 15958K, committed 16048K, reserved 1048576K
GC Heap History (10 events):
Event: 10.370 GC heap before
{Heap before GC invocations=13 (full 3):
 PSYoungGen      total 351744K, used 351712K [0x00000000d5580000, 0x00000000f1100000, 0x0000000100000000)
  eden space 324096K, 100% used [0x00000000d5580000,0x00000000e9200000,0x00000000e9200000)
  from space 27648K, 99% used [0x00000000e9200000,0x00000000eacf8140,0x00000000ead00000)
  to   space 33280K, 0% used [0x00000000ef080000,0x00000000ef080000,0x00000000f1100000)
 ParOldGen       total 215552K, used 43948K [0x0000000080000000, 0x000000008d280000, 0x00000000d5580000)
  object space 215552K, 20% used [0x0000000080000000,0x0000000082aeb3b8,0x000000008d280000)
 Metaspace       used 81346K, capacity 84986K, committed 85144K, reserved 1122304K
  class space    used 10927K, capacity 11606K, committed 11696K, reserved 1048576K
Event: 10.394 GC heap after
Heap after GC invocations=13 (full 3):
 PSYoungGen      total 411136K, used 33264K [0x00000000d5580000, 0x00000000f1f80000, 0x0000000100000000)
  eden space 377856K, 0% used [0x00000000d5580000,0x00000000d5580000,0x00000000ec680000)
  from space 33280K, 99% used [0x00000000ef080000,0x00000000f10fc318,0x00000000f1100000)
  to   space 43008K, 0% used [0x00000000ec680000,0x00000000ec680000,0x00000000ef080000)
 ParOldGen       total 215552K, used 57585K [0x0000000080000000, 0x000000008d280000, 0x00000000d5580000)
  object space 215552K, 26% used [0x0000000080000000,0x000000008383c618,0x000000008d280000)
 Metaspace       used 81346K, capacity 84986K, committed 85144K, reserved 1122304K
  class space    used 10927K, capacity 11606K, committed 11696K, reserved 1048576K
}
Event: 114.981 GC heap before
{Heap before GC invocations=14 (full 3):
 PSYoungGen      total 411136K, used 411120K [0x00000000d5580000, 0x00000000f1f80000, 0x0000000100000000)
  eden space 377856K, 100% used [0x00000000d5580000,0x00000000ec680000,0x00000000ec680000)
  from space 33280K, 99% used [0x00000000ef080000,0x00000000f10fc318,0x00000000f1100000)
  to   space 43008K, 0% used [0x00000000ec680000,0x00000000ec680000,0x00000000ef080000)
 ParOldGen       total 215552K, used 57585K [0x0000000080000000, 0x000000008d280000, 0x00000000d5580000)
  object space 215552K, 26% used [0x0000000080000000,0x000000008383c618,0x000000008d280000)
 Metaspace       used 88138K, capacity 92478K, committed 92568K, reserved 1130496K
  class space    used 11592K, capacity 12453K, committed 12464K, reserved 1048576K
Event: 115.021 GC heap after
Heap after GC invocations=14 (full 3):
 PSYoungGen      total 420864K, used 29918K [0x00000000d5580000, 0x00000000f5580000, 0x0000000100000000)
  eden space 377856K, 0% used [0x00000000d5580000,0x00000000d5580000,0x00000000ec680000)
  from space 43008K, 69% used [0x00000000ec680000,0x00000000ee3b7a98,0x00000000ef080000)
  to   space 45056K, 0% used [0x00000000f2980000,0x00000000f2980000,0x00000000f5580000)
 ParOldGen       total 215552K, used 85887K [0x0000000080000000, 0x000000008d280000, 0x00000000d5580000)
  object space 215552K, 39% used [0x0000000080000000,0x00000000853dff90,0x000000008d280000)
 Metaspace       used 88138K, capacity 92478K, committed 92568K, reserved 1130496K
  class space    used 11592K, capacity 12453K, committed 12464K, reserved 1048576K
}
Event: 137.246 GC heap before
{Heap before GC invocations=15 (full 3):
 PSYoungGen      total 420864K, used 306510K [0x00000000d5580000, 0x00000000f5580000, 0x0000000100000000)
  eden space 377856K, 73% used [0x00000000d5580000,0x00000000e639bda0,0x00000000ec680000)
  from space 43008K, 69% used [0x00000000ec680000,0x00000000ee3b7a98,0x00000000ef080000)
  to   space 45056K, 0% used [0x00000000f2980000,0x00000000f2980000,0x00000000f5580000)
 ParOldGen       total 215552K, used 85887K [0x0000000080000000, 0x000000008d280000, 0x00000000d5580000)
  object space 215552K, 39% used [0x0000000080000000,0x00000000853dff90,0x000000008d280000)
 Metaspace       used 93821K, capacity 98492K, committed 98600K, reserved 1134592K
  class space    used 12329K, capacity 13208K, committed 13232K, reserved 1048576K
Event: 137.263 GC heap after
Heap after GC invocations=15 (full 3):
 PSYoungGen      total 464896K, used 36092K [0x00000000d5580000, 0x00000000f5200000, 0x0000000100000000)
  eden space 423424K, 0% used [0x00000000d5580000,0x00000000d5580000,0x00000000ef300000)
  from space 41472K, 87% used [0x00000000f2980000,0x00000000f4cbf378,0x00000000f5200000)
  to   space 48640K, 0% used [0x00000000ef300000,0x00000000ef300000,0x00000000f2280000)
 ParOldGen       total 215552K, used 85895K [0x0000000080000000, 0x000000008d280000, 0x00000000d5580000)
  object space 215552K, 39% used [0x0000000080000000,0x00000000853e1f90,0x000000008d280000)
 Metaspace       used 93821K, capacity 98492K, committed 98600K, reserved 1134592K
  class space    used 12329K, capacity 13208K, committed 13232K, reserved 1048576K
}
Event: 137.263 GC heap before
{Heap before GC invocations=16 (full 4):
 PSYoungGen      total 464896K, used 36092K [0x00000000d5580000, 0x00000000f5200000, 0x0000000100000000)
  eden space 423424K, 0% used [0x00000000d5580000,0x00000000d5580000,0x00000000ef300000)
  from space 41472K, 87% used [0x00000000f2980000,0x00000000f4cbf378,0x00000000f5200000)
  to   space 48640K, 0% used [0x00000000ef300000,0x00000000ef300000,0x00000000f2280000)
 ParOldGen       total 215552K, used 85895K [0x0000000080000000, 0x000000008d280000, 0x00000000d5580000)
  object space 215552K, 39% used [0x0000000080000000,0x00000000853e1f90,0x000000008d280000)
 Metaspace       used 93821K, capacity 98492K, committed 98600K, reserved 1134592K
  class space    used 12329K, capacity 13208K, committed 13232K, reserved 1048576K
Event: 137.417 GC heap after
Heap after GC invocations=16 (full 4):
 PSYoungGen      total 464896K, used 0K [0x00000000d5580000, 0x00000000f5200000, 0x0000000100000000)
  eden space 423424K, 0% used [0x00000000d5580000,0x00000000d5580000,0x00000000ef300000)
  from space 41472K, 0% used [0x00000000f2980000,0x00000000f2980000,0x00000000f5200000)
  to   space 48640K, 0% used [0x00000000ef300000,0x00000000ef300000,0x00000000f2280000)
 ParOldGen       total 348672K, used 85222K [0x0000000080000000, 0x0000000095480000, 0x00000000d5580000)
  object space 348672K, 24% used [0x0000000080000000,0x0000000085339ac8,0x0000000095480000)
 Metaspace       used 93573K, capacity 97748K, committed 98600K, reserved 1134592K
  class space    used 12249K, capacity 13066K, committed 13232K, reserved 1048576K
}
Event: 139.247 GC heap before
{Heap before GC invocations=17 (full 4):
 PSYoungGen      total 464896K, used 423424K [0x00000000d5580000, 0x00000000f5200000, 0x0000000100000000)
  eden space 423424K, 100% used [0x00000000d5580000,0x00000000ef300000,0x00000000ef300000)
  from space 41472K, 0% used [0x00000000f2980000,0x00000000f2980000,0x00000000f5200000)
  to   space 48640K, 0% used [0x00000000ef300000,0x00000000ef300000,0x00000000f2280000)
 ParOldGen       total 348672K, used 85222K [0x0000000080000000, 0x0000000095480000, 0x00000000d5580000)
  object space 348672K, 24% used [0x0000000080000000,0x0000000085339ac8,0x0000000095480000)
 Metaspace       used 111860K, capacity 116284K, committed 116888K, reserved 1150976K
  class space    used 14272K, capacity 15156K, committed 15280K, reserved 1048576K
Event: 139.319 GC heap after
Heap after GC invocations=17 (full 4):
 PSYoungGen      total 472064K, used 48621K [0x00000000d5580000, 0x00000000fe700000, 0x0000000100000000)
  eden space 423424K, 0% used [0x00000000d5580000,0x00000000d5580000,0x00000000ef300000)
  from space 48640K, 99% used [0x00000000ef300000,0x00000000f227b578,0x00000000f2280000)
  to   space 80384K, 0% used [0x00000000f9880000,0x00000000f9880000,0x00000000fe700000)
 ParOldGen       total 348672K, used 151488K [0x0000000080000000, 0x0000000095480000, 0x00000000d5580000)
  object space 348672K, 43% used [0x0000000080000000,0x00000000893f00d8,0x0000000095480000)
 Metaspace       used 111860K, capacity 116284K, committed 116888K, reserved 1150976K
  class space    used 14272K, capacity 15156K, committed 15280K, reserved 1048576K
}

